
state 0
	$accept: .input $end 

	FLOAT  shift 3
	VAR  shift 4
	FUNCNAME  shift 7
	'+'  shift 5
	'-'  shift 6
	'('  shift 8
	.  error

	expr  goto 2
	input  goto 1

state 1
	$accept:  input.$end 

	$end  accept
	.  error


state 2
	input:  expr.'=' expr 
	expr:  expr.'+' expr 
	expr:  expr.'-' expr 
	expr:  expr.'*' expr 
	expr:  expr.'/' expr 
	expr:  expr.'%' expr 
	expr:  expr.'^' expr 
	expr:  expr.FUNCNAME expr 

	FUNCNAME  shift 16
	'='  shift 9
	'+'  shift 10
	'-'  shift 11
	'*'  shift 12
	'/'  shift 13
	'%'  shift 14
	'^'  shift 15
	.  error


state 3
	expr:  FLOAT.    (2)

	.  reduce 2 (src line 30)


state 4
	expr:  VAR.    (3)

	.  reduce 3 (src line 31)


state 5
	expr:  '+'.expr 

	FLOAT  shift 3
	VAR  shift 4
	FUNCNAME  shift 7
	'+'  shift 5
	'-'  shift 6
	'('  shift 8
	.  error

	expr  goto 17

state 6
	expr:  '-'.expr 

	FLOAT  shift 3
	VAR  shift 4
	FUNCNAME  shift 7
	'+'  shift 5
	'-'  shift 6
	'('  shift 8
	.  error

	expr  goto 18

state 7
	expr:  FUNCNAME.'(' expr ')' 
	expr:  FUNCNAME.'(' expr ',' expr ')' 

	'('  shift 19
	.  error


state 8
	expr:  '('.expr ')' 

	FLOAT  shift 3
	VAR  shift 4
	FUNCNAME  shift 7
	'+'  shift 5
	'-'  shift 6
	'('  shift 8
	.  error

	expr  goto 20

state 9
	input:  expr '='.expr 

	FLOAT  shift 3
	VAR  shift 4
	FUNCNAME  shift 7
	'+'  shift 5
	'-'  shift 6
	'('  shift 8
	.  error

	expr  goto 21

state 10
	expr:  expr '+'.expr 

	FLOAT  shift 3
	VAR  shift 4
	FUNCNAME  shift 7
	'+'  shift 5
	'-'  shift 6
	'('  shift 8
	.  error

	expr  goto 22

state 11
	expr:  expr '-'.expr 

	FLOAT  shift 3
	VAR  shift 4
	FUNCNAME  shift 7
	'+'  shift 5
	'-'  shift 6
	'('  shift 8
	.  error

	expr  goto 23

state 12
	expr:  expr '*'.expr 

	FLOAT  shift 3
	VAR  shift 4
	FUNCNAME  shift 7
	'+'  shift 5
	'-'  shift 6
	'('  shift 8
	.  error

	expr  goto 24

state 13
	expr:  expr '/'.expr 

	FLOAT  shift 3
	VAR  shift 4
	FUNCNAME  shift 7
	'+'  shift 5
	'-'  shift 6
	'('  shift 8
	.  error

	expr  goto 25

state 14
	expr:  expr '%'.expr 

	FLOAT  shift 3
	VAR  shift 4
	FUNCNAME  shift 7
	'+'  shift 5
	'-'  shift 6
	'('  shift 8
	.  error

	expr  goto 26

state 15
	expr:  expr '^'.expr 

	FLOAT  shift 3
	VAR  shift 4
	FUNCNAME  shift 7
	'+'  shift 5
	'-'  shift 6
	'('  shift 8
	.  error

	expr  goto 27

state 16
	expr:  expr FUNCNAME.expr 

	FLOAT  shift 3
	VAR  shift 4
	FUNCNAME  shift 7
	'+'  shift 5
	'-'  shift 6
	'('  shift 8
	.  error

	expr  goto 28

state 17
	expr:  expr.'+' expr 
	expr:  expr.'-' expr 
	expr:  expr.'*' expr 
	expr:  expr.'/' expr 
	expr:  expr.'%' expr 
	expr:  expr.'^' expr 
	expr:  '+' expr.    (10)
	expr:  expr.FUNCNAME expr 

	FUNCNAME  shift 16
	.  reduce 10 (src line 38)


state 18
	expr:  expr.'+' expr 
	expr:  expr.'-' expr 
	expr:  expr.'*' expr 
	expr:  expr.'/' expr 
	expr:  expr.'%' expr 
	expr:  expr.'^' expr 
	expr:  '-' expr.    (11)
	expr:  expr.FUNCNAME expr 

	FUNCNAME  shift 16
	.  reduce 11 (src line 39)


state 19
	expr:  FUNCNAME '('.expr ')' 
	expr:  FUNCNAME '('.expr ',' expr ')' 

	FLOAT  shift 3
	VAR  shift 4
	FUNCNAME  shift 7
	'+'  shift 5
	'-'  shift 6
	'('  shift 8
	.  error

	expr  goto 29

state 20
	expr:  expr.'+' expr 
	expr:  expr.'-' expr 
	expr:  expr.'*' expr 
	expr:  expr.'/' expr 
	expr:  expr.'%' expr 
	expr:  expr.'^' expr 
	expr:  expr.FUNCNAME expr 
	expr:  '(' expr.')' 

	FUNCNAME  shift 16
	'+'  shift 10
	'-'  shift 11
	'*'  shift 12
	'/'  shift 13
	'%'  shift 14
	'^'  shift 15
	')'  shift 30
	.  error


state 21
	input:  expr '=' expr.    (1)
	expr:  expr.'+' expr 
	expr:  expr.'-' expr 
	expr:  expr.'*' expr 
	expr:  expr.'/' expr 
	expr:  expr.'%' expr 
	expr:  expr.'^' expr 
	expr:  expr.FUNCNAME expr 

	FUNCNAME  shift 16
	'+'  shift 10
	'-'  shift 11
	'*'  shift 12
	'/'  shift 13
	'%'  shift 14
	'^'  shift 15
	.  reduce 1 (src line 26)


state 22
	expr:  expr.'+' expr 
	expr:  expr '+' expr.    (4)
	expr:  expr.'-' expr 
	expr:  expr.'*' expr 
	expr:  expr.'/' expr 
	expr:  expr.'%' expr 
	expr:  expr.'^' expr 
	expr:  expr.FUNCNAME expr 

	FUNCNAME  shift 16
	'*'  shift 12
	'/'  shift 13
	'%'  shift 14
	'^'  shift 15
	.  reduce 4 (src line 32)


state 23
	expr:  expr.'+' expr 
	expr:  expr.'-' expr 
	expr:  expr '-' expr.    (5)
	expr:  expr.'*' expr 
	expr:  expr.'/' expr 
	expr:  expr.'%' expr 
	expr:  expr.'^' expr 
	expr:  expr.FUNCNAME expr 

	FUNCNAME  shift 16
	'*'  shift 12
	'/'  shift 13
	'%'  shift 14
	'^'  shift 15
	.  reduce 5 (src line 33)


state 24
	expr:  expr.'+' expr 
	expr:  expr.'-' expr 
	expr:  expr.'*' expr 
	expr:  expr '*' expr.    (6)
	expr:  expr.'/' expr 
	expr:  expr.'%' expr 
	expr:  expr.'^' expr 
	expr:  expr.FUNCNAME expr 

	FUNCNAME  shift 16
	.  reduce 6 (src line 34)


state 25
	expr:  expr.'+' expr 
	expr:  expr.'-' expr 
	expr:  expr.'*' expr 
	expr:  expr.'/' expr 
	expr:  expr '/' expr.    (7)
	expr:  expr.'%' expr 
	expr:  expr.'^' expr 
	expr:  expr.FUNCNAME expr 

	FUNCNAME  shift 16
	.  reduce 7 (src line 35)


state 26
	expr:  expr.'+' expr 
	expr:  expr.'-' expr 
	expr:  expr.'*' expr 
	expr:  expr.'/' expr 
	expr:  expr.'%' expr 
	expr:  expr '%' expr.    (8)
	expr:  expr.'^' expr 
	expr:  expr.FUNCNAME expr 

	FUNCNAME  shift 16
	.  reduce 8 (src line 36)


state 27
	expr:  expr.'+' expr 
	expr:  expr.'-' expr 
	expr:  expr.'*' expr 
	expr:  expr.'/' expr 
	expr:  expr.'%' expr 
	expr:  expr.'^' expr 
	expr:  expr '^' expr.    (9)
	expr:  expr.FUNCNAME expr 

	FUNCNAME  shift 16
	.  reduce 9 (src line 37)


state 28
	expr:  expr.'+' expr 
	expr:  expr.'-' expr 
	expr:  expr.'*' expr 
	expr:  expr.'/' expr 
	expr:  expr.'%' expr 
	expr:  expr.'^' expr 
	expr:  expr.FUNCNAME expr 
	expr:  expr FUNCNAME expr.    (12)

	FUNCNAME  shift 16
	.  reduce 12 (src line 40)


state 29
	expr:  expr.'+' expr 
	expr:  expr.'-' expr 
	expr:  expr.'*' expr 
	expr:  expr.'/' expr 
	expr:  expr.'%' expr 
	expr:  expr.'^' expr 
	expr:  expr.FUNCNAME expr 
	expr:  FUNCNAME '(' expr.')' 
	expr:  FUNCNAME '(' expr.',' expr ')' 

	FUNCNAME  shift 16
	'+'  shift 10
	'-'  shift 11
	'*'  shift 12
	'/'  shift 13
	'%'  shift 14
	'^'  shift 15
	','  shift 32
	')'  shift 31
	.  error


state 30
	expr:  '(' expr ')'.    (15)

	.  reduce 15 (src line 43)


state 31
	expr:  FUNCNAME '(' expr ')'.    (13)

	.  reduce 13 (src line 41)


state 32
	expr:  FUNCNAME '(' expr ','.expr ')' 

	FLOAT  shift 3
	VAR  shift 4
	FUNCNAME  shift 7
	'+'  shift 5
	'-'  shift 6
	'('  shift 8
	.  error

	expr  goto 33

state 33
	expr:  expr.'+' expr 
	expr:  expr.'-' expr 
	expr:  expr.'*' expr 
	expr:  expr.'/' expr 
	expr:  expr.'%' expr 
	expr:  expr.'^' expr 
	expr:  expr.FUNCNAME expr 
	expr:  FUNCNAME '(' expr ',' expr.')' 

	FUNCNAME  shift 16
	'+'  shift 10
	'-'  shift 11
	'*'  shift 12
	'/'  shift 13
	'%'  shift 14
	'^'  shift 15
	')'  shift 34
	.  error


state 34
	expr:  FUNCNAME '(' expr ',' expr ')'.    (14)

	.  reduce 14 (src line 42)


17 terminals, 3 nonterminals
16 grammar rules, 35/8000 states
0 shift/reduce, 0 reduce/reduce conflicts reported
52 working sets used
memory: parser 14/120000
30 extra closures
142 shift entries, 1 exceptions
15 goto entries
0 entries saved by goto default
Optimizer space used: output 80/120000
80 table entries, 12 zero
maximum spread: 17, maximum offset: 32
